<?xml version="1.0" encoding="UTF-8"?>
<!-- Generated by org.testng.reporters.JUnitReportReporter -->
<testsuite skipped="0" hostname="Balaji" name="com.manipal.basetest.BaseTest" tests="1" failures="0" timestamp="27 Oct 2018 04:10:30 GMT" time="0.000" errors="0">
  <testcase name="testMethod" time="0.000" classname="com.manipal.basetest.BaseTest"/>
</testsuite> <!-- com.manipal.basetest.BaseTest -->
